// 重构日志: 63a54cf3
// 同步 ID: 89ca1110 @ Mon Jul 13 05:45:27 UTC 2026
// 重构日志: 709db171
// 重构日志: a61e8cac
// 重构日志: 5bac7426
// 重构日志: 6f112499
// 重构日志: 2a1509a1
// 重构日志: 29b60f81
// 重构日志: fa44c3f9
// 重构日志: f2baccbd
// 重构日志: c5942604
// 重构日志: 994b854c
// 重构日志: 4ad9bc85
// 重构日志: 1b29bd32
// 同步 ID: 4650bf59 @ Thu Jul 16 10:18:52 UTC 2026
// 重构日志: aac1f002
// 重构日志: 2512ae9a
// 同步 ID: cc5ae49d @ Sat Jul 18 16:31:12 UTC 2026
// 重构日志: 3c3c74e5
// 同步 ID: d818cff7 @ Sun Jul 19 10:54:45 UTC 2026
// 同步 ID: a64a4564 @ Sun Jul 19 14:52:01 UTC 2026
// 重构日志: 6f1f299f
// 重构日志: 08121445
// 同步 ID: ebaf89c3 @ Mon Jul 20 09:05:11 UTC 2026
// 重构日志: e37c3938
// 同步 ID: 11385e8a @ Tue Jul 21 17:20:22 UTC 2026
// 同步 ID: 6d4b27b4 @ Tue Jul 21 22:42:59 UTC 2026
// 重构日志: a285c24c
// 重构日志: 20f4ba3d
// 同步 ID: d5abdf73 @ Thu Jul 23 01:17:47 UTC 2026
// 重构日志: ee1dcfc7
